::1 - - [02/Jul/2020:08:36:24 +0000] "GET / HTTP/1.1" 304 - "http://localhost:8000/users/sign-up" "Mozilla/5.0 (Windows NT 10.0; Win64; x64) AppleWebKit/537.36 (KHTML, like Gecko) Chrome/83.0.4103.116 Safari/537.36"
::1 - - [02/Jul/2020:08:36:24 +0000] "GET /css/layout.css HTTP/1.1" 404 153 "http://localhost:8000/" "Mozilla/5.0 (Windows NT 10.0; Win64; x64) AppleWebKit/537.36 (KHTML, like Gecko) Chrome/83.0.4103.116 Safari/537.36"
::1 - - [02/Jul/2020:08:36:24 +0000] "GET /css/header.css HTTP/1.1" 404 153 "http://localhost:8000/" "Mozilla/5.0 (Windows NT 10.0; Win64; x64) AppleWebKit/537.36 (KHTML, like Gecko) Chrome/83.0.4103.116 Safari/537.36"
::1 - - [02/Jul/2020:08:36:24 +0000] "GET /js/home_post_comments.js HTTP/1.1" 404 163 "http://localhost:8000/" "Mozilla/5.0 (Windows NT 10.0; Win64; x64) AppleWebKit/537.36 (KHTML, like Gecko) Chrome/83.0.4103.116 Safari/537.36"
::1 - - [02/Jul/2020:08:36:24 +0000] "GET /css/footer.css HTTP/1.1" 404 153 "http://localhost:8000/" "Mozilla/5.0 (Windows NT 10.0; Win64; x64) AppleWebKit/537.36 (KHTML, like Gecko) Chrome/83.0.4103.116 Safari/537.36"
::1 - - [02/Jul/2020:08:36:24 +0000] "GET /css/home.css HTTP/1.1" 404 151 "http://localhost:8000/" "Mozilla/5.0 (Windows NT 10.0; Win64; x64) AppleWebKit/537.36 (KHTML, like Gecko) Chrome/83.0.4103.116 Safari/537.36"
::1 - - [02/Jul/2020:08:36:24 +0000] "GET /js/home_posts.js HTTP/1.1" 404 155 "http://localhost:8000/" "Mozilla/5.0 (Windows NT 10.0; Win64; x64) AppleWebKit/537.36 (KHTML, like Gecko) Chrome/83.0.4103.116 Safari/537.36"
::1 - - [02/Jul/2020:09:33:02 +0000] "GET / HTTP/1.1" 304 - "http://localhost:8000/users/sign-up" "Mozilla/5.0 (Windows NT 10.0; Win64; x64) AppleWebKit/537.36 (KHTML, like Gecko) Chrome/83.0.4103.116 Safari/537.36"
::1 - - [02/Jul/2020:09:33:02 +0000] "GET /css/layout.css HTTP/1.1" 404 153 "http://localhost:8000/" "Mozilla/5.0 (Windows NT 10.0; Win64; x64) AppleWebKit/537.36 (KHTML, like Gecko) Chrome/83.0.4103.116 Safari/537.36"
::1 - - [02/Jul/2020:09:33:02 +0000] "GET /css/header.css HTTP/1.1" 404 153 "http://localhost:8000/" "Mozilla/5.0 (Windows NT 10.0; Win64; x64) AppleWebKit/537.36 (KHTML, like Gecko) Chrome/83.0.4103.116 Safari/537.36"
::1 - - [02/Jul/2020:09:33:02 +0000] "GET /css/footer.css HTTP/1.1" 404 153 "http://localhost:8000/" "Mozilla/5.0 (Windows NT 10.0; Win64; x64) AppleWebKit/537.36 (KHTML, like Gecko) Chrome/83.0.4103.116 Safari/537.36"
::1 - - [02/Jul/2020:09:33:02 +0000] "GET /css/home.css HTTP/1.1" 404 151 "http://localhost:8000/" "Mozilla/5.0 (Windows NT 10.0; Win64; x64) AppleWebKit/537.36 (KHTML, like Gecko) Chrome/83.0.4103.116 Safari/537.36"
::1 - - [02/Jul/2020:09:33:02 +0000] "GET /js/home_post_comments.js HTTP/1.1" 404 163 "http://localhost:8000/" "Mozilla/5.0 (Windows NT 10.0; Win64; x64) AppleWebKit/537.36 (KHTML, like Gecko) Chrome/83.0.4103.116 Safari/537.36"
::1 - - [02/Jul/2020:09:33:02 +0000] "GET /js/home_posts.js HTTP/1.1" 404 155 "http://localhost:8000/" "Mozilla/5.0 (Windows NT 10.0; Win64; x64) AppleWebKit/537.36 (KHTML, like Gecko) Chrome/83.0.4103.116 Safari/537.36"
::1 - - [02/Jul/2020:09:33:07 +0000] "GET /users/sign-in HTTP/1.1" 200 2098 "http://localhost:8000/" "Mozilla/5.0 (Windows NT 10.0; Win64; x64) AppleWebKit/537.36 (KHTML, like Gecko) Chrome/83.0.4103.116 Safari/537.36"
::1 - - [02/Jul/2020:09:33:07 +0000] "GET /css/layout.css HTTP/1.1" 404 153 "http://localhost:8000/users/sign-in" "Mozilla/5.0 (Windows NT 10.0; Win64; x64) AppleWebKit/537.36 (KHTML, like Gecko) Chrome/83.0.4103.116 Safari/537.36"
::1 - - [02/Jul/2020:09:33:07 +0000] "GET /css/header.css HTTP/1.1" 404 153 "http://localhost:8000/users/sign-in" "Mozilla/5.0 (Windows NT 10.0; Win64; x64) AppleWebKit/537.36 (KHTML, like Gecko) Chrome/83.0.4103.116 Safari/537.36"
::1 - - [02/Jul/2020:09:33:07 +0000] "GET /css/footer.css HTTP/1.1" 404 153 "http://localhost:8000/users/sign-in" "Mozilla/5.0 (Windows NT 10.0; Win64; x64) AppleWebKit/537.36 (KHTML, like Gecko) Chrome/83.0.4103.116 Safari/537.36"
::1 - - [02/Jul/2020:09:33:13 +0000] "POST /users/create-session HTTP/1.1" 302 72 "http://localhost:8000/users/sign-in" "Mozilla/5.0 (Windows NT 10.0; Win64; x64) AppleWebKit/537.36 (KHTML, like Gecko) Chrome/83.0.4103.116 Safari/537.36"
::1 - - [02/Jul/2020:09:33:13 +0000] "GET /users/sign-in HTTP/1.1" 200 2390 "http://localhost:8000/users/sign-in" "Mozilla/5.0 (Windows NT 10.0; Win64; x64) AppleWebKit/537.36 (KHTML, like Gecko) Chrome/83.0.4103.116 Safari/537.36"
::1 - - [02/Jul/2020:09:33:13 +0000] "GET /css/layout.css HTTP/1.1" 404 153 "http://localhost:8000/users/sign-in" "Mozilla/5.0 (Windows NT 10.0; Win64; x64) AppleWebKit/537.36 (KHTML, like Gecko) Chrome/83.0.4103.116 Safari/537.36"
::1 - - [02/Jul/2020:09:33:13 +0000] "GET /css/header.css HTTP/1.1" 404 153 "http://localhost:8000/users/sign-in" "Mozilla/5.0 (Windows NT 10.0; Win64; x64) AppleWebKit/537.36 (KHTML, like Gecko) Chrome/83.0.4103.116 Safari/537.36"
::1 - - [02/Jul/2020:09:33:13 +0000] "GET /css/footer.css HTTP/1.1" 404 153 "http://localhost:8000/users/sign-in" "Mozilla/5.0 (Windows NT 10.0; Win64; x64) AppleWebKit/537.36 (KHTML, like Gecko) Chrome/83.0.4103.116 Safari/537.36"
::1 - - [02/Jul/2020:09:33:26 +0000] "GET /users/profile HTTP/1.1" 404 152 "http://localhost:8000/users/sign-in" "Mozilla/5.0 (Windows NT 10.0; Win64; x64) AppleWebKit/537.36 (KHTML, like Gecko) Chrome/83.0.4103.116 Safari/537.36"
[0mGET /users/sign-in [32m200[0m 55.898 ms - 2095[0m
[0mGET /users/css/layout.css [33m404[0m 32.228 ms - 159[0m
[0mGET /users/css/footer.css [33m404[0m 25.401 ms - 159[0m
[0mGET /users/css/header.css [33m404[0m 35.489 ms - 159[0m
[0mGET / [32m200[0m 122.107 ms - 3780[0m
[0mGET /js/home_post_comments.js [33m404[0m 70.665 ms - 163[0m
[0mGET /js/home_posts.js [33m404[0m 18.441 ms - 155[0m
[0mGET /js/chat_engine.js [33m404[0m 13.781 ms - 156[0m
[0mGET /js/toggle_likes.js [33m404[0m 9.519 ms - 157[0m
[0mGET /js/home_posts.js [33m404[0m 2.208 ms - 155[0m
[0mGET /js/toggle_likes.js [33m404[0m 2.813 ms - 157[0m
[0mGET /js/chat_engine.js [33m404[0m 2.833 ms - 156[0m
[0mGET / [36m304[0m 45.837 ms - -[0m
[0mGET /js/home_post_comments.js [33m404[0m 9.869 ms - 163[0m
[0mGET /js/home_posts.js [33m404[0m 64.605 ms - 155[0m
[0mGET /js/toggle_likes.js [33m404[0m 11.459 ms - 157[0m
[0mGET /js/chat_engine.js [33m404[0m 8.008 ms - 156[0m
[0mGET /css/layout.css [33m404[0m 60.946 ms - 153[0m
[0mGET /css/chat_box.css [33m404[0m 49.991 ms - 155[0m
[0mGET /css/home.css [33m404[0m 142.951 ms - 151[0m
[0mGET /css/header.css [33m404[0m 78.061 ms - 153[0m
[0mGET /css/footer.css [33m404[0m 81.911 ms - 153[0m
[0mGET /js/home_posts.js [33m404[0m 3.162 ms - 155[0m
[0mGET /js/toggle_likes.js [33m404[0m 7.028 ms - 157[0m
[0mGET /js/chat_engine.js [33m404[0m 2.236 ms - 156[0m
[0mGET / [36m304[0m 24.366 ms - -[0m
[0mGET /js/home_post_comments.js [33m404[0m 9.347 ms - 163[0m
[0mGET /css/footer.css [33m404[0m 10.114 ms - 153[0m
[0mGET /css/layout.css [33m404[0m 9.869 ms - 153[0m
[0mGET /css/header.css [33m404[0m 21.415 ms - 153[0m
[0mGET /css/home.css [33m404[0m 21.223 ms - 151[0m
[0mGET /css/chat_box.css [33m404[0m 24.004 ms - 155[0m
[0mGET /js/home_posts.js [33m404[0m 34.857 ms - 155[0m
[0mGET /js/toggle_likes.js [33m404[0m 5.438 ms - 157[0m
[0mGET /js/chat_engine.js [33m404[0m 7.962 ms - 156[0m
[0mGET / [36m304[0m 119.399 ms - -[0m
[0mGET /js/home_post_comments.js [33m404[0m 21.676 ms - 163[0m
[0mGET /js/home_posts.js [33m404[0m 6.896 ms - 155[0m
[0mGET /js/toggle_likes.js [33m404[0m 7.837 ms - 157[0m
[0mGET /js/chat_engine.js [33m404[0m 9.359 ms - 156[0m
[0mGET /js/home_posts.js [33m404[0m 6.219 ms - 155[0m
[0mGET /js/toggle_likes.js [33m404[0m 7.405 ms - 157[0m
[0mGET /js/chat_engine.js [33m404[0m 4.862 ms - 156[0m
[0mGET /users/sign-in [36m304[0m 6.362 ms - -[0m
[0mGET /users/css/layout.css [33m404[0m 4.099 ms - 159[0m
[0mGET /users/css/footer.css [33m404[0m 5.564 ms - 159[0m
[0mGET /users/css/header.css [33m404[0m 4.473 ms - 159[0m
[0mPOST /users/create-session [36m302[0m 61.274 ms - 46[0m
[0mGET / [32m200[0m 63.310 ms - 5626[0m
[0mGET /js/home_post_comments.js [33m404[0m 14.967 ms - 163[0m
[0mGET /css/chat_box.css [33m404[0m 28.303 ms - 155[0m
[0mGET /css/footer.css [33m404[0m 33.470 ms - 153[0m
[0mGET /css/layout.css [33m404[0m 34.934 ms - 153[0m
[0mGET /css/home.css [33m404[0m 76.597 ms - 151[0m
[0mGET /css/header.css [33m404[0m 77.039 ms - 153[0m
[0mGET /js/home_posts.js [33m404[0m 46.035 ms - 155[0m
[0mGET /js/toggle_likes.js [33m404[0m 33.798 ms - 157[0m
[0mGET /js/chat_engine.js [33m404[0m 14.083 ms - 156[0m
[0mGET / [32m200[0m 31.768 ms - 5335[0m
[0mGET /js/home_post_comments.js [33m404[0m 31.854 ms - 163[0m
[0mGET /css/header.css [33m404[0m 32.696 ms - 153[0m
[0mGET /css/footer.css [33m404[0m 41.850 ms - 153[0m
[0mGET /css/home.css [33m404[0m 36.613 ms - 151[0m
[0mGET /css/layout.css [33m404[0m 36.306 ms - 153[0m
[0mGET /css/chat_box.css [33m404[0m 43.974 ms - 155[0m
[0mGET /js/toggle_likes.js [33m404[0m 36.336 ms - 157[0m
[0mGET /js/home_posts.js [33m404[0m 45.413 ms - 155[0m
[0mGET /js/chat_engine.js [33m404[0m 56.697 ms - 156[0m
[0mGET /js/toggle_likes.js [33m404[0m 7.397 ms - 157[0m
[0mGET /js/chat_engine.js [33m404[0m 5.413 ms - 156[0m
[0mGET / [36m304[0m 73.215 ms - -[0m
[0mGET /js/home_post_comments.js [33m404[0m 72.547 ms - 163[0m
[0mGET /js/home_posts.js [33m404[0m 59.856 ms - 155[0m
[0mGET /js/toggle_likes.js [33m404[0m 25.040 ms - 157[0m
[0mGET /js/chat_engine.js [33m404[0m 23.849 ms - 156[0m
[0mPOST /comments/create [36m302[0m 102.340 ms - 46[0m
[0mGET / [32m200[0m 74.923 ms - 6352[0m
[0mGET /js/home_post_comments.js [33m404[0m 201.511 ms - 163[0m
[0mGET /css/layout.css [33m404[0m 128.145 ms - 153[0m
[0mGET /css/header.css [33m404[0m 160.303 ms - 153[0m
[0mGET /js/home_posts.js [33m404[0m 146.531 ms - 155[0m
[0mGET /css/footer.css [33m404[0m 161.390 ms - 153[0m
[0mGET /css/home.css [33m404[0m 164.130 ms - 151[0m
[0mGET /css/chat_box.css [33m404[0m 166.766 ms - 155[0m
[0mGET /js/toggle_likes.js [33m404[0m 129.759 ms - 157[0m
[0mGET /js/chat_engine.js [33m404[0m 102.811 ms - 156[0m
[0mGET / [32m200[0m 76.739 ms - 6065[0m
[0mGET /js/home_post_comments.js [33m404[0m 37.552 ms - 163[0m
[0mGET /js/toggle_likes.js [33m404[0m 27.572 ms - 157[0m
[0mGET /js/home_posts.js [33m404[0m 28.868 ms - 155[0m
[0mGET /js/chat_engine.js [33m404[0m 29.216 ms - 156[0m
[0mGET /js/toggle_likes.js [33m404[0m 13.268 ms - 157[0m
[0mGET /js/chat_engine.js [33m404[0m 9.507 ms - 156[0m
[0mPOST /comments/create [36m302[0m 36.077 ms - 46[0m
[0mGET / [32m200[0m 79.799 ms - 7081[0m
[0mGET /js/home_post_comments.js [33m404[0m 51.646 ms - 163[0m
[0mGET /css/layout.css [33m404[0m 49.673 ms - 153[0m
[0mGET /css/header.css [33m404[0m 68.568 ms - 153[0m
[0mGET /js/home_posts.js [33m404[0m 39.101 ms - 155[0m
[0mGET /css/chat_box.css [33m404[0m 72.320 ms - 155[0m
[0mGET /css/footer.css [33m404[0m 70.529 ms - 153[0m
[0mGET /css/home.css [33m404[0m 71.888 ms - 151[0m
[0mGET /js/toggle_likes.js [33m404[0m 36.199 ms - 157[0m
[0mGET /js/chat_engine.js [33m404[0m 24.981 ms - 156[0m
[0mGET / [32m200[0m 81.454 ms - 6794[0m
[0mGET /js/home_post_comments.js [33m404[0m 65.987 ms - 163[0m
[0mGET /js/home_posts.js [33m404[0m 45.126 ms - 155[0m
[0mGET /js/chat_engine.js [33m404[0m 38.131 ms - 156[0m
[0mGET /js/toggle_likes.js [33m404[0m 45.102 ms - 157[0m
[0mGET /js/home_post_comments.js [33m404[0m 28.827 ms - 163[0m
[0mGET /js/home_posts.js [33m404[0m 6.110 ms - 155[0m
[0mGET /js/toggle_likes.js [33m404[0m 7.725 ms - 157[0m
[0mGET /js/chat_engine.js [33m404[0m 4.781 ms - 156[0m
[0mPOST /comments/create [36m302[0m 36.270 ms - 46[0m
[0mGET / [32m200[0m 85.599 ms - 7809[0m
[0mGET /js/toggle_likes.js [33m404[0m 45.836 ms - 157[0m
[0mGET /css/header.css [33m404[0m 29.982 ms - 153[0m
[0mGET /css/layout.css [33m404[0m 30.056 ms - 153[0m
[0mGET /css/footer.css [33m404[0m 28.188 ms - 153[0m
[0mGET /css/chat_box.css [33m404[0m 63.907 ms - 155[0m
[0mGET /js/home_post_comments.js [33m404[0m 56.402 ms - 163[0m
[0mGET /css/home.css [33m404[0m 66.958 ms - 151[0m
[0mGET /js/home_posts.js [33m404[0m 41.227 ms - 155[0m
[0mGET /js/chat_engine.js [33m404[0m 45.474 ms - 156[0m
[0mGET /js/toggle_likes.js [33m404[0m 10.445 ms - 157[0m
[0mGET /js/chat_engine.js [33m404[0m 4.318 ms - 156[0m
[0mGET / [32m200[0m 97.505 ms - 7522[0m
[0mGET /js/home_post_comments.js [33m404[0m 59.156 ms - 163[0m
[0mGET /js/home_posts.js [33m404[0m 50.856 ms - 155[0m
[0mGET /js/toggle_likes.js [33m404[0m 23.435 ms - 157[0m
[0mGET /js/chat_engine.js [33m404[0m 27.024 ms - 156[0m
[0mGET /likes/toggle/?id=5efdde64b826d5236042f3f3&type=Comment [33m404[0m 6.884 ms - 152[0m
[0mGET /js/home_post_comments.js [33m404[0m 19.136 ms - 163[0m
[0mGET /js/home_posts.js [33m404[0m 17.743 ms - 155[0m
[0mGET /js/toggle_likes.js [33m404[0m 18.676 ms - 157[0m
[0mGET /users/profile/5efc964a57da4e311cb1eb49 [32m200[0m 55.377 ms - 2331[0m
[0mGET /users/profile/css/layout.css [33m404[0m 28.489 ms - 167[0m
[0mGET /users/profile/css/header.css [33m404[0m 26.992 ms - 167[0m
[0mGET /users/profile/css/footer.css [33m404[0m 26.929 ms - 167[0m
[0mGET /users/profile/css/user_profile.css [33m404[0m 19.127 ms - 173[0m
[0mGET /users/profile/5efc964a57da4e311cb1eb49 [36m304[0m 68.127 ms - -[0m
[0mGET /users/profile/css/layout.css [33m404[0m 38.889 ms - 167[0m
[0mGET /users/profile/css/header.css [33m404[0m 41.364 ms - 167[0m
[0mGET /users/profile/css/footer.css [33m404[0m 48.172 ms - 167[0m
[0mGET /users/profile/css/user_profile.css [33m404[0m 49.319 ms - 173[0m
[0mGET / [36m304[0m 161.082 ms - -[0m
[0mGET /js/home_post_comments.js [33m404[0m 24.982 ms - 163[0m
[0mGET /js/home_posts.js [33m404[0m 38.071 ms - 155[0m
[0mGET /js/toggle_likes.js [33m404[0m 21.973 ms - 157[0m
[0mGET /js/chat_engine.js [33m404[0m 43.510 ms - 156[0m
[0mGET /js/home_posts.js [33m404[0m 10.331 ms - 155[0m
[0mGET /js/toggle_likes.js [33m404[0m 10.417 ms - 157[0m
[0mGET /js/chat_engine.js [33m404[0m 7.545 ms - 156[0m
[0mGET /users/profile/5efc964a57da4e311cb1eb49 [36m304[0m 42.202 ms - -[0m
[0mGET /users/profile/css/layout.css [33m404[0m 32.856 ms - 167[0m
[0mGET /users/profile/css/header.css [33m404[0m 35.278 ms - 167[0m
[0mGET /users/profile/css/footer.css [33m404[0m 36.215 ms - 167[0m
[0mGET /users/profile/css/user_profile.css [33m404[0m 39.916 ms - 173[0m
[0mGET / [36m304[0m 30.852 ms - -[0m
[0mGET /js/home_post_comments.js [33m404[0m 26.064 ms - 163[0m
[0mGET /css/layout.css [33m404[0m 39.057 ms - 153[0m
[0mGET /css/header.css [33m404[0m 36.577 ms - 153[0m
[0mGET /css/footer.css [33m404[0m 36.994 ms - 153[0m
[0mGET /js/home_posts.js [33m404[0m 29.734 ms - 155[0m
[0mGET /css/chat_box.css [33m404[0m 39.708 ms - 155[0m
[0mGET /css/home.css [33m404[0m 45.450 ms - 151[0m
[0mGET /js/toggle_likes.js [33m404[0m 28.422 ms - 157[0m
[0mGET /js/chat_engine.js [33m404[0m 17.967 ms - 156[0m
[0mGET / [36m304[0m 73.566 ms - -[0m
[0mGET /js/home_post_comments.js [33m404[0m 70.596 ms - 163[0m
[0mGET /js/toggle_likes.js [33m404[0m 29.342 ms - 157[0m
[0mGET /js/home_posts.js [33m404[0m 26.413 ms - 155[0m
[0mGET /js/chat_engine.js [33m404[0m 25.462 ms - 156[0m
[0mGET /js/toggle_likes.js [33m404[0m 11.440 ms - 157[0m
[0mGET /js/chat_engine.js [33m404[0m 3.888 ms - 156[0m
[0mGET /posts/destroy/5efcb1797a5867279c576ac5 [36m302[0m 63.982 ms - 88[0m
[0mGET / [32m200[0m 20.792 ms - 4059[0m
[0mGET /js/home_post_comments.js [33m404[0m 12.911 ms - 163[0m
[0mGET /css/layout.css [33m404[0m 27.855 ms - 153[0m
[0mGET /css/footer.css [33m404[0m 31.094 ms - 153[0m
[0mGET /css/home.css [33m404[0m 69.020 ms - 151[0m
[0mGET /css/header.css [33m404[0m 62.601 ms - 153[0m
[0mGET /css/chat_box.css [33m404[0m 63.846 ms - 155[0m
[0mGET /js/home_posts.js [33m404[0m 62.148 ms - 155[0m
[0mGET /js/toggle_likes.js [33m404[0m 36.635 ms - 157[0m
[0mGET /js/chat_engine.js [33m404[0m 25.495 ms - 156[0m
[0mGET / [32m200[0m 11.737 ms - 3753[0m
[0mGET /js/home_post_comments.js [33m404[0m 25.143 ms - 163[0m
[0mGET /css/layout.css [33m404[0m 31.674 ms - 153[0m
[0mGET /css/header.css [33m404[0m 32.096 ms - 153[0m
[0mGET /css/footer.css [33m404[0m 33.182 ms - 153[0m
[0mGET /css/chat_box.css [33m404[0m 40.930 ms - 155[0m
[0mGET /css/home.css [33m404[0m 39.853 ms - 151[0m
[0mGET /js/home_posts.js [33m404[0m 43.839 ms - 155[0m
[0mGET /js/toggle_likes.js [33m404[0m 19.837 ms - 157[0m
[0mGET /js/chat_engine.js [33m404[0m 23.872 ms - 156[0m
[0mGET /css/header.css [33m404[0m 21.299 ms - 153[0m
[0mGET /css/layout.css [33m404[0m 22.060 ms - 153[0m
[0mGET /css/footer.css [33m404[0m 22.804 ms - 153[0m
[0mGET /css/home.css [33m404[0m 28.209 ms - 151[0m
[0mGET /css/chat_box.css [33m404[0m 28.769 ms - 155[0m
[0mGET / [36m304[0m 54.530 ms - -[0m
[0mGET /js/home_post_comments.js [33m404[0m 71.400 ms - 163[0m
[0mGET /js/home_posts.js [33m404[0m 86.878 ms - 155[0m
[0mGET /js/toggle_likes.js [33m404[0m 28.096 ms - 157[0m
[0mGET /js/chat_engine.js [33m404[0m 27.669 ms - 156[0m
[0mGET /js/home_posts.js [33m404[0m 7.613 ms - 155[0m
[0mGET /js/toggle_likes.js [33m404[0m 10.296 ms - 157[0m
[0mGET /js/chat_engine.js [33m404[0m 8.964 ms - 156[0m
[0mGET / [36m304[0m 17.112 ms - -[0m
[0mGET /js/home_post_comments.js [33m404[0m 22.906 ms - 163[0m
[0mGET /css/header.css [33m404[0m 28.130 ms - 153[0m
[0mGET /css/layout.css [33m404[0m 32.540 ms - 153[0m
[0mGET /css/footer.css [33m404[0m 44.616 ms - 153[0m
[0mGET /css/chat_box.css [33m404[0m 43.993 ms - 155[0m
[0mGET /css/home.css [33m404[0m 53.950 ms - 151[0m
[0mGET /js/home_posts.js [33m404[0m 45.750 ms - 155[0m
[0mGET /js/toggle_likes.js [33m404[0m 27.987 ms - 157[0m
[0mGET /js/chat_engine.js [33m404[0m 17.346 ms - 156[0m
[0mGET /js/home_posts.js [33m404[0m 13.647 ms - 155[0m
[0mGET /js/toggle_likes.js [33m404[0m 5.212 ms - 157[0m
[0mGET /js/chat_engine.js [33m404[0m 5.832 ms - 156[0m
[0mGET / [36m304[0m 55.004 ms - -[0m
[0mGET /js/home_post_comments.js [33m404[0m 24.136 ms - 163[0m
[0mGET /js/toggle_likes.js [33m404[0m 68.278 ms - 157[0m
[0mGET /js/home_posts.js [33m404[0m 120.883 ms - 155[0m
[0mGET /js/chat_engine.js [33m404[0m 57.273 ms - 156[0m
[0mGET /js/toggle_likes.js [33m404[0m 15.217 ms - 157[0m
[0mGET /js/chat_engine.js [33m404[0m 8.692 ms - 156[0m
[0mGET / [36m304[0m 84.685 ms - -[0m
[0mPOST /posts/create [32m200[0m 84.187 ms - 269[0m
[0mPOST /comments/create [32m200[0m 22.371 ms - 311[0m
[0mGET /comments/destroy/5efde7048f44f62558fc485c [32m200[0m 21.577 ms - 75[0m
[0mGET / [32m200[0m 74.324 ms - 5335[0m
[0mGET / [36m304[0m 69.691 ms - -[0m
[0mPOST /posts/create [32m200[0m 23.878 ms - 272[0m
[0mGET /users/profile [33m404[0m 10.901 ms - 152[0m
[0mGET /users/profile/5efc964a57da4e311cb1eb49 [36m304[0m 16.948 ms - -[0m
[0mGET /users/profile/css/layout.css [33m404[0m 26.329 ms - 167[0m
[0mGET /users/profile/css/header.css [33m404[0m 26.055 ms - 167[0m
[0mGET /users/profile/css/user_profile.css [33m404[0m 25.486 ms - 173[0m
[0mGET /users/profile/css/footer.css [33m404[0m 29.409 ms - 167[0m
[0mGET / [32m200[0m 31.607 ms - 6920[0m
[0mGET /users/profile/5efc964a57da4e311cb1eb49 [36m304[0m 14.442 ms - -[0m
[0mGET /users/profile/css/layout.css [33m404[0m 15.565 ms - 167[0m
[0mGET /users/profile/css/header.css [33m404[0m 17.861 ms - 167[0m
[0mGET /users/profile/css/footer.css [33m404[0m 22.061 ms - 167[0m
[0mGET /users/profile/css/user_profile.css [33m404[0m 21.902 ms - 173[0m
[0mGET /users/profile/5efc964a57da4e311cb1eb49 [36m304[0m 14.789 ms - -[0m
[0mGET /users/profile/css/layout.css [33m404[0m 31.860 ms - 167[0m
[0mGET /users/profile/css/header.css [33m404[0m 31.966 ms - 167[0m
[0mGET /users/profile/css/footer.css [33m404[0m 14.653 ms - 167[0m
[0mGET /users/profile/css/user_profile.css [33m404[0m 17.010 ms - 173[0m
[0mGET /users/profile/5efc964a57da4e311cb1eb49 [32m200[0m 10.499 ms - 2332[0m
[0mGET /users/profile/css/layout.css [33m404[0m 17.201 ms - 167[0m
[0mGET /users/profile/css/header.css [33m404[0m 17.413 ms - 167[0m
[0mGET /users/profile/css/footer.css [33m404[0m 17.946 ms - 167[0m
[0mGET /users/profile/5efc964a57da4e311cb1eb49 [32m200[0m 14.053 ms - 2335[0m
[0mGET / [32m200[0m 22.000 ms - 6923[0m
[0mGET /users/profile/5efc964a57da4e311cb1eb49 [36m304[0m 11.872 ms - -[0m
[0mPOST /users/update/5efc964a57da4e311cb1eb49 [36m302[0m 135.422 ms - 164[0m
[0mGET /users/profile/5efc964a57da4e311cb1eb49 [32m200[0m 13.856 ms - 2378[0m
[0mGET / [36m304[0m 24.409 ms - -[0m
